<?xml version="1.0" encoding="UTF-8"?>
<testng-results skipped="0" failed="0" ignored="0" total="1" passed="1">
  <reporter-output>
  </reporter-output>
  <suite name="Suite" duration-ms="18516" started-at="2019-04-26T05:36:43Z" finished-at="2019-04-26T05:37:01Z">
    <groups>
    </groups>
    <test name="Test" duration-ms="18516" started-at="2019-04-26T05:36:43Z" finished-at="2019-04-26T05:37:01Z">
      <class name="com.tyss.Demo1">
        <test-method status="PASS" signature="test1()[pri:0, instance:com.tyss.Demo1@402f32ff]" name="test1" duration-ms="18486" started-at="2019-04-26T05:36:43Z" finished-at="2019-04-26T05:37:01Z">
          <reporter-output>
          </reporter-output>
        </test-method> <!-- test1 -->
      </class> <!-- com.tyss.Demo1 -->
    </test> <!-- Test -->
  </suite> <!-- Suite -->
</testng-results>
