<?xml version="1.0" encoding="UTF-8"?>
<testng-results skipped="0" failed="0" ignored="0" total="1" passed="1">
  <reporter-output>
  </reporter-output>
  <suite name="Suite" duration-ms="36183" started-at="2019-04-25T11:30:59Z" finished-at="2019-04-25T11:31:36Z">
    <groups>
    </groups>
    <test name="Test" duration-ms="36183" started-at="2019-04-25T11:30:59Z" finished-at="2019-04-25T11:31:36Z">
      <class name="com.tyss.GoogleSug">
        <test-method status="PASS" signature="Test2()[pri:0, instance:com.tyss.GoogleSug@1ef7fe8e]" name="Test2" duration-ms="36160" started-at="2019-04-25T11:30:59Z" finished-at="2019-04-25T11:31:35Z">
          <reporter-output>
          </reporter-output>
        </test-method> <!-- Test2 -->
      </class> <!-- com.tyss.GoogleSug -->
    </test> <!-- Test -->
  </suite> <!-- Suite -->
</testng-results>
